<?xml version="1.0" encoding="UTF-8"?>
<testsuite name="org.springframework.boot.context.embedded.jetty.JettyEmbeddedServletContainerFactoryTests" time="8.451" tests="27" errors="0" skipped="0" failures="0">
  <properties>
[...]
</properties>
  <testcase name="jettyCustomizations" classname="org.springframework.boot.context.embedded.jetty.JettyEmbeddedServletContainerFactoryTests" time="0.013"/>
  <testcase name="jettyConfigurations" classname="org.springframework.boot.context.embedded.jetty.JettyEmbeddedServletContainerFactoryTests" time="0.169"/>
  <testcase name="sessionTimeoutInMins" classname="org.springframework.boot.context.embedded.jetty.JettyEmbeddedServletContainerFactoryTests" time="0.199"/>
  <testcase name="sslCiphersConfiguration" classname="org.springframework.boot.context.embedded.jetty.JettyEmbeddedServletContainerFactoryTests" time="0.922"/>
  <testcase name="sessionTimeout" classname="org.springframework.boot.context.embedded.jetty.JettyEmbeddedServletContainerFactoryTests" time="0.06"/>
  <testcase name="basicSsl" classname="org.springframework.boot.context.embedded.jetty.JettyEmbeddedServletContainerFactoryTests" time="1.295"/>
  <testcase name="contextRootPathMustNotBeSlash" classname="org.springframework.boot.context.embedded.jetty.JettyEmbeddedServletContainerFactoryTests" time="0.004"/>
  <testcase name="documentRoot" classname="org.springframework.boot.context.embedded.jetty.JettyEmbeddedServletContainerFactoryTests" time="0.19"/>
  <testcase name="mimeType" classname="org.springframework.boot.context.embedded.jetty.JettyEmbeddedServletContainerFactoryTests" time="0.128"/>
  <testcase name="startBlocksUntilReadyToServe" classname="org.springframework.boot.context.embedded.jetty.JettyEmbeddedServletContainerFactoryTests" time="0.594"/>
  <testcase name="specificPort" classname="org.springframework.boot.context.embedded.jetty.JettyEmbeddedServletContainerFactoryTests" time="0.188"/>
  <testcase name="sslWantsClientAuthenticationSucceedsWithClientCertificate" classname="org.springframework.boot.context.embedded.jetty.JettyEmbeddedServletContainerFactoryTests" time="0.316"/>
  <testcase name="sslWantsClientAuthenticationSucceedsWithoutClientCertificate" classname="org.springframework.boot.context.embedded.jetty.JettyEmbeddedServletContainerFactoryTests" time="0.192"/>
  <testcase name="startServletAndFilter" classname="org.springframework.boot.context.embedded.jetty.JettyEmbeddedServletContainerFactoryTests" time="0.139"/>
  <testcase name="emptyServerWhenPortIsMinusOne" classname="org.springframework.boot.context.embedded.jetty.JettyEmbeddedServletContainerFactoryTests" time="0.075"/>
  <testcase name="restartWithKeepAlive" classname="org.springframework.boot.context.embedded.jetty.JettyEmbeddedServletContainerFactoryTests" time="0.684"/>
  <testcase name="contextPathMustStartWithSlash" classname="org.springframework.boot.context.embedded.jetty.JettyEmbeddedServletContainerFactoryTests" time="0.004"/>
  <testcase name="errorPage" classname="org.springframework.boot.context.embedded.jetty.JettyEmbeddedServletContainerFactoryTests" time="0.284"/>
  <testcase name="contextPathMustNotEndWithSlash" classname="org.springframework.boot.context.embedded.jetty.JettyEmbeddedServletContainerFactoryTests" time="0.004"/>
  <testcase name="stopServlet" classname="org.springframework.boot.context.embedded.jetty.JettyEmbeddedServletContainerFactoryTests" time="2.098"/>
  <testcase name="doubleStop" classname="org.springframework.boot.context.embedded.jetty.JettyEmbeddedServletContainerFactoryTests" time="0.119"/>
  <testcase name="multipleConfigurations" classname="org.springframework.boot.context.embedded.jetty.JettyEmbeddedServletContainerFactoryTests" time="0.118"/>
  <testcase name="loadOnStartAfterContextIsInitialized" classname="org.springframework.boot.context.embedded.jetty.JettyEmbeddedServletContainerFactoryTests" time="0.094"/>
  <testcase name="sslNeedsClientAuthenticationSucceedsWithClientCertificate" classname="org.springframework.boot.context.embedded.jetty.JettyEmbeddedServletContainerFactoryTests" time="0.196"/>
  <testcase name="startServlet" classname="org.springframework.boot.context.embedded.jetty.JettyEmbeddedServletContainerFactoryTests" time="0.132"/>
  <testcase name="sslNeedsClientAuthenticationFailsWithoutClientCertificate" classname="org.springframework.boot.context.embedded.jetty.JettyEmbeddedServletContainerFactoryTests" time="0.123"/>
  <testcase name="specificContextRoot" classname="org.springframework.boot.context.embedded.jetty.JettyEmbeddedServletContainerFactoryTests" time="0.111"/>
</testsuite>