<?xml version="1.0" encoding="UTF-8"?>
<testsuite name="org.springframework.boot.cli.SampleIntegrationTests" time="140.056" tests="17" errors="0" skipped="1" failures="0">
  <properties>
[...]
</properties>
  <testcase name="beansSample" classname="org.springframework.boot.cli.SampleIntegrationTests" time="9.911"/>
  <testcase name="templateSample" classname="org.springframework.boot.cli.SampleIntegrationTests" time="3.457"/>
  <testcase name="xmlSample" classname="org.springframework.boot.cli.SampleIntegrationTests" time="3.581"/>
  <testcase name="webSample" classname="org.springframework.boot.cli.SampleIntegrationTests" time="8.479"/>
  <testcase name="uiSample" classname="org.springframework.boot.cli.SampleIntegrationTests" time="14.914"/>
  <testcase name="deviceSample" classname="org.springframework.boot.cli.SampleIntegrationTests" time="12.397"/>
  <testcase name="jmsSample" classname="org.springframework.boot.cli.SampleIntegrationTests" time="6.449"/>
  <testcase name="caching" classname="org.springframework.boot.cli.SampleIntegrationTests" time="4.092"/>
  <testcase name="httpSample" classname="org.springframework.boot.cli.SampleIntegrationTests" time="18.847"/>
  <testcase name="jobSample" classname="org.springframework.boot.cli.SampleIntegrationTests" time="7.404"/>
  <testcase name="rabbitSample" classname="org.springframework.boot.cli.SampleIntegrationTests" time="0">
    <skipped message="Requires RabbitMQ to be run, so disable it be default"/>
  </testcase>
  <testcase name="actuatorSample" classname="org.springframework.boot.cli.SampleIntegrationTests" time="13.367"/>
  <testcase name="appSample" classname="org.springframework.boot.cli.SampleIntegrationTests" time="3.088"/>
  <testcase name="txSample" classname="org.springframework.boot.cli.SampleIntegrationTests" time="5.302"/>
  <testcase name="jobWebSample" classname="org.springframework.boot.cli.SampleIntegrationTests" time="13.476"/>
  <testcase name="reactorSample" classname="org.springframework.boot.cli.SampleIntegrationTests" time="5.469"/>
  <testcase name="integrationSample" classname="org.springframework.boot.cli.SampleIntegrationTests" time="9.823"/>
</testsuite>