<?xml version="1.0" encoding="UTF-8"?>
<testsuite name="org.springframework.boot.autoconfigure.condition.ConditionalOnPropertyTests" time="1.591" tests="27" errors="0" skipped="0" failures="0">
  <properties>
[...]
</properties>
  <testcase name="enabledIfNotConfiguredOtherwiseWithConfigDifferentCase" classname="org.springframework.boot.autoconfigure.condition.ConditionalOnPropertyTests" time="0.012"/>
  <testcase name="defaultValueIsSet" classname="org.springframework.boot.autoconfigure.condition.ConditionalOnPropertyTests" time="0.009"/>
  <testcase name="multiValuesAllSet" classname="org.springframework.boot.autoconfigure.condition.ConditionalOnPropertyTests" time="0.002"/>
  <testcase name="allPropertiesAreDefined" classname="org.springframework.boot.autoconfigure.condition.ConditionalOnPropertyTests" time="0.056"/>
  <testcase name="notAllPropertiesAreDefined" classname="org.springframework.boot.autoconfigure.condition.ConditionalOnPropertyTests" time="0.018"/>
  <testcase name="nameAndValueMustNotBeSpecified" classname="org.springframework.boot.autoconfigure.condition.ConditionalOnPropertyTests" time="0"/>
  <testcase name="defaultValueIsSetDifferentValue" classname="org.springframework.boot.autoconfigure.condition.ConditionalOnPropertyTests" time="0.001"/>
  <testcase name="simpleValueIsSet" classname="org.springframework.boot.autoconfigure.condition.ConditionalOnPropertyTests" time="0.002"/>
  <testcase name="propertyValueEqualsFALSE" classname="org.springframework.boot.autoconfigure.condition.ConditionalOnPropertyTests" time="0.008"/>
  <testcase name="propertyValueEqualsFalse" classname="org.springframework.boot.autoconfigure.condition.ConditionalOnPropertyTests" time="0.09"/>
  <testcase name="multiValuesOnlyOneSet" classname="org.springframework.boot.autoconfigure.condition.ConditionalOnPropertyTests" time="0.001"/>
  <testcase name="enabledIfNotConfiguredOtherwise" classname="org.springframework.boot.autoconfigure.condition.ConditionalOnPropertyTests" time="0.001"/>
  <testcase name="strictNameNoMatch" classname="org.springframework.boot.autoconfigure.condition.ConditionalOnPropertyTests" time="0.002"/>
  <testcase name="enabledIfNotConfiguredOtherwiseWithConfig" classname="org.springframework.boot.autoconfigure.condition.ConditionalOnPropertyTests" time="0.013"/>
  <testcase name="prefix" classname="org.springframework.boot.autoconfigure.condition.ConditionalOnPropertyTests" time="0.004"/>
  <testcase name="defaultValueIsNotSet" classname="org.springframework.boot.autoconfigure.condition.ConditionalOnPropertyTests" time="0.047"/>
  <testcase name="nameOrValueMustBeSpecified" classname="org.springframework.boot.autoconfigure.condition.ConditionalOnPropertyTests" time="0"/>
  <testcase name="usingValueAttribute" classname="org.springframework.boot.autoconfigure.condition.ConditionalOnPropertyTests" time="0.001"/>
  <testcase name="disableIfNotConfiguredOtherwise" classname="org.springframework.boot.autoconfigure.condition.ConditionalOnPropertyTests" time="0.001"/>
  <testcase name="caseInsensitive" classname="org.springframework.boot.autoconfigure.condition.ConditionalOnPropertyTests" time="0.003"/>
  <testcase name="disableIfNotConfiguredOtherwiseWithConfig" classname="org.springframework.boot.autoconfigure.condition.ConditionalOnPropertyTests" time="0.042"/>
  <testcase name="relaxedName" classname="org.springframework.boot.autoconfigure.condition.ConditionalOnPropertyTests" time="0.001"/>
  <testcase name="strictNameMatch" classname="org.springframework.boot.autoconfigure.condition.ConditionalOnPropertyTests" time="0.001"/>
  <testcase name="prefixWithoutPeriod" classname="org.springframework.boot.autoconfigure.condition.ConditionalOnPropertyTests" time="0.002"/>
  <testcase name="nonRelaxedName" classname="org.springframework.boot.autoconfigure.condition.ConditionalOnPropertyTests" time="1.055"/>
  <testcase name="disableIfNotConfiguredOtherwiseWithConfigDifferentCase" classname="org.springframework.boot.autoconfigure.condition.ConditionalOnPropertyTests" time="0.148"/>
  <testcase name="relaxedEnabledByDefault" classname="org.springframework.boot.autoconfigure.condition.ConditionalOnPropertyTests" time="0.071"/>
</testsuite>