<?xml version="1.0" encoding="UTF-8"?>
<testsuite name="org.springframework.boot.autoconfigure.jdbc.DataSourceAutoConfigurationTests" time="3.975" tests="13" errors="0" skipped="0" failures="0">
  <properties>
[...]
</properties>
  <testcase name="testExplicitDriverClassClearsUserName" classname="org.springframework.boot.autoconfigure.jdbc.DataSourceAutoConfigurationTests" time="0.539"/>
  <testcase name="commonsDbcpIsFallback" classname="org.springframework.boot.autoconfigure.jdbc.DataSourceAutoConfigurationTests" time="0.077"/>
  <testcase name="testNamedParameterJdbcTemplateExists" classname="org.springframework.boot.autoconfigure.jdbc.DataSourceAutoConfigurationTests" time="0.087"/>
  <testcase name="testJdbcTemplateExists" classname="org.springframework.boot.autoconfigure.jdbc.DataSourceAutoConfigurationTests" time="0.088"/>
  <testcase name="testEmbeddedTypeDefaultsUsername" classname="org.springframework.boot.autoconfigure.jdbc.DataSourceAutoConfigurationTests" time="0.08"/>
  <testcase name="testDataSourceUrlHasEmbeddedDefault" classname="org.springframework.boot.autoconfigure.jdbc.DataSourceAutoConfigurationTests" time="0.102"/>
  <testcase name="testDefaultDataSourceCanBeOverridden" classname="org.springframework.boot.autoconfigure.jdbc.DataSourceAutoConfigurationTests" time="0.06"/>
  <testcase name="testHikariIsFallback" classname="org.springframework.boot.autoconfigure.jdbc.DataSourceAutoConfigurationTests" time="2.08"/>
  <testcase name="testBadDriverClass" classname="org.springframework.boot.autoconfigure.jdbc.DataSourceAutoConfigurationTests" time="0.036"/>
  <testcase name="testDefaultDataSourceExists" classname="org.springframework.boot.autoconfigure.jdbc.DataSourceAutoConfigurationTests" time="0.174"/>
  <testcase name="testBadUrl" classname="org.springframework.boot.autoconfigure.jdbc.DataSourceAutoConfigurationTests" time="0.076"/>
  <testcase name="commonsDbcp2IsFallback" classname="org.springframework.boot.autoconfigure.jdbc.DataSourceAutoConfigurationTests" time="0.446"/>
  <testcase name="testJdbcTemplateExistsWithCustomDataSource" classname="org.springframework.boot.autoconfigure.jdbc.DataSourceAutoConfigurationTests" time="0.13"/>
</testsuite>